<?xml version="1.0" encoding="UTF-8"?>
<!-- Generated by org.testng.reporters.JUnitXMLReporter -->
<testsuite ignored="1" hostname="DESKTOP-L3U3DAD" failures="0" tests="9" name="Default test" time="41.834" errors="0" timestamp="2025-06-12T00:07:30 GMT+03:00">
  <testcase classname="SmartBuyProject.SmartBuyProject.AppTest" name="VerifyHomepageLoadsSuccessfully" time="0.311"/>
  <testcase classname="SmartBuyProject.SmartBuyProject.AppTest" name="VerifyCategoryNavigation" time="8.569"/>
  <testcase classname="SmartBuyProject.SmartBuyProject.AppTest" name="VerifySearchResultsAccuracy" time="5.726"/>
  <testcase classname="SmartBuyProject.SmartBuyProject.AppTest" name="productDetailPageAccuracy" time="2.979"/>
  <testcase classname="SmartBuyProject.SmartBuyProject.AppTest" name="addToTheCart" time="4.301"/>
  <testcase classname="SmartBuyProject.SmartBuyProject.AppTest" name="ShoppingCartReview" time="3.908"/>
  <testcase classname="SmartBuyProject.SmartBuyProject.AppTest" name="test8" time="0.001"/>
  <testcase classname="SmartBuyProject.SmartBuyProject.AppTest" name="PromotionsPageAccessibility" time="2.152"/>
  <testcase classname="SmartBuyProject.SmartBuyProject.AppTest" name="ContactInformationAvailability" time="0.084"/>
  <testcase classname="SmartBuyProject.SmartBuyProject.AppTest" name="UpdateCartQuantities" time="0.0">
    <ignored/>
  </testcase> <!-- UpdateCartQuantities -->
</testsuite> <!-- Default test -->
