<?xml version="1.0" encoding="UTF-8"?>
<testng-results ignored="1" total="10" passed="9" failed="0" skipped="0">
  <reporter-output>
  </reporter-output>
  <suite started-at="2025-06-12T00:06:48 GMT+03:00" name="Default suite" finished-at="2025-06-12T00:07:30 GMT+03:00" duration-ms="41834">
    <groups>
    </groups>
    <test started-at="2025-06-12T00:06:48 GMT+03:00" name="Default test" finished-at="2025-06-12T00:07:30 GMT+03:00" duration-ms="41834">
      <class name="SmartBuyProject.SmartBuyProject.AppTest">
        <test-method is-config="true" signature="mySetup()[pri:0, instance:SmartBuyProject.SmartBuyProject.AppTest@3401a114]" started-at="2025-06-12T00:06:48 GMT+03:00" name="mySetup" finished-at="2025-06-12T00:07:01 GMT+03:00" duration-ms="13333" status="PASS">
          <reporter-output>
          </reporter-output>
        </test-method> <!-- mySetup -->
        <test-method signature="VerifyHomepageLoadsSuccessfully()[pri:1, instance:SmartBuyProject.SmartBuyProject.AppTest@3401a114]" started-at="2025-06-12T00:07:02 GMT+03:00" name="VerifyHomepageLoadsSuccessfully" finished-at="2025-06-12T00:07:02 GMT+03:00" duration-ms="311" status="PASS">
          <reporter-output>
          </reporter-output>
        </test-method> <!-- VerifyHomepageLoadsSuccessfully -->
        <test-method signature="VerifyCategoryNavigation()[pri:2, instance:SmartBuyProject.SmartBuyProject.AppTest@3401a114]" started-at="2025-06-12T00:07:02 GMT+03:00" name="VerifyCategoryNavigation" finished-at="2025-06-12T00:07:11 GMT+03:00" duration-ms="8569" status="PASS">
          <reporter-output>
          </reporter-output>
        </test-method> <!-- VerifyCategoryNavigation -->
        <test-method signature="VerifySearchResultsAccuracy()[pri:3, instance:SmartBuyProject.SmartBuyProject.AppTest@3401a114]" started-at="2025-06-12T00:07:11 GMT+03:00" name="VerifySearchResultsAccuracy" finished-at="2025-06-12T00:07:17 GMT+03:00" duration-ms="5726" status="PASS">
          <reporter-output>
          </reporter-output>
        </test-method> <!-- VerifySearchResultsAccuracy -->
        <test-method signature="productDetailPageAccuracy()[pri:4, instance:SmartBuyProject.SmartBuyProject.AppTest@3401a114]" started-at="2025-06-12T00:07:17 GMT+03:00" name="productDetailPageAccuracy" finished-at="2025-06-12T00:07:19 GMT+03:00" duration-ms="2979" status="PASS">
          <reporter-output>
          </reporter-output>
        </test-method> <!-- productDetailPageAccuracy -->
        <test-method signature="addToTheCart()[pri:5, instance:SmartBuyProject.SmartBuyProject.AppTest@3401a114]" started-at="2025-06-12T00:07:19 GMT+03:00" name="addToTheCart" finished-at="2025-06-12T00:07:24 GMT+03:00" duration-ms="4301" status="PASS">
          <reporter-output>
          </reporter-output>
        </test-method> <!-- addToTheCart -->
        <test-method signature="ShoppingCartReview()[pri:6, instance:SmartBuyProject.SmartBuyProject.AppTest@3401a114]" started-at="2025-06-12T00:07:24 GMT+03:00" name="ShoppingCartReview" finished-at="2025-06-12T00:07:28 GMT+03:00" duration-ms="3908" status="PASS">
          <reporter-output>
          </reporter-output>
        </test-method> <!-- ShoppingCartReview -->
        <test-method signature="test8()[pri:8, instance:SmartBuyProject.SmartBuyProject.AppTest@3401a114]" started-at="2025-06-12T00:07:28 GMT+03:00" name="test8" finished-at="2025-06-12T00:07:28 GMT+03:00" duration-ms="1" status="PASS">
          <reporter-output>
          </reporter-output>
        </test-method> <!-- test8 -->
        <test-method signature="PromotionsPageAccessibility()[pri:9, instance:SmartBuyProject.SmartBuyProject.AppTest@3401a114]" started-at="2025-06-12T00:07:28 GMT+03:00" name="PromotionsPageAccessibility" finished-at="2025-06-12T00:07:30 GMT+03:00" duration-ms="2152" status="PASS">
          <reporter-output>
          </reporter-output>
        </test-method> <!-- PromotionsPageAccessibility -->
        <test-method signature="ContactInformationAvailability()[pri:10, instance:SmartBuyProject.SmartBuyProject.AppTest@3401a114]" started-at="2025-06-12T00:07:30 GMT+03:00" name="ContactInformationAvailability" finished-at="2025-06-12T00:07:30 GMT+03:00" duration-ms="84" status="PASS">
          <reporter-output>
          </reporter-output>
        </test-method> <!-- ContactInformationAvailability -->
        <test-method is-config="true" signature="endTest()[pri:0, instance:SmartBuyProject.SmartBuyProject.AppTest@3401a114]" started-at="2025-06-12T00:07:30 GMT+03:00" name="endTest" finished-at="2025-06-12T00:07:30 GMT+03:00" duration-ms="0" status="PASS">
          <reporter-output>
          </reporter-output>
        </test-method> <!-- endTest -->
      </class> <!-- SmartBuyProject.SmartBuyProject.AppTest -->
    </test> <!-- Default test -->
  </suite> <!-- Default suite -->
</testng-results>
